2018-03-06 18:54:56 +0000 [MT] Initial pipeline context: <IDEDistributionProcessingPipelineContext: 0x7fdc79302fd0; archive(resolved)='<IDEArchive: 0x7fdc791c71a0>', distributionTask(resolved)='2', distributionMethod(resolved)='<IDEDistributionMethodiOSEnterprise: 0x7fdc79242440>', team(resolved)='<IDEProvisioningBasicTeam 0x7fdc791f5140: teamID: 823S57WQK3, teamName: (null)>'>
	Chain (11, self inclusive):
	<IDEDistributionProcessingPipelineContext: 0x7fdc79302fd0; archive = '<IDEArchive: 0x7fdc791c71a0>', distributionMethod='<IDEDistributionMethodiOSEnterprise: 0x7fdc79242440>', team='<IDEProvisioningBasicTeam 0x7fdc791f5140: teamID: 823S57WQK3, teamName: (null)>'>
	<IDEDistributionProcessingPipelineContext: 0x7fdc7907d170; archive = '<IDEArchive: 0x7fdc791c71a0>', distributionMethod='<IDEDistributionMethodiOSEnterprise: 0x7fdc79242440>', team='<IDEProvisioningBasicTeam 0x7fdc791f5140: teamID: 823S57WQK3, teamName: (null)>'>
	<IDEDistributionContext: 0x7fdc7906c800; archive = '<IDEArchive: 0x7fdc791c71a0>', distributionMethod='<IDEDistributionMethodiOSEnterprise: 0x7fdc79242440>', team='<IDEProvisioningBasicTeam 0x7fdc791f5140: teamID: 823S57WQK3, teamName: (null)>'>
	<IDEDistributionContext: 0x7fdc791f6550; archive = '<IDEArchive: 0x7fdc791c71a0>', distributionMethod='<IDEDistributionMethodiOSEnterprise: 0x7fdc79242440>', team='<IDEProvisioningBasicTeam 0x7fdc791f5140: teamID: 823S57WQK3, teamName: (null)>'>
	<IDEDistributionContext: 0x7fdc79304f30; archive = '<IDEArchive: 0x7fdc791c71a0>', distributionMethod='<IDEDistributionMethodiOSEnterprise: 0x7fdc79242440>', team='<IDEProvisioningBasicTeam 0x7fdc791f5140: teamID: 823S57WQK3, teamName: (null)>'>
	<IDEDistributionContext: 0x7fdc7930c0d0; archive = '<IDEArchive: 0x7fdc791c71a0>', distributionMethod='<IDEDistributionMethodiOSEnterprise: 0x7fdc79242440>', team='<IDEProvisioningBasicTeam 0x7fdc791f5140: teamID: 823S57WQK3, teamName: (null)>'>
	<IDEDistributionContext: 0x7fdc791f4100; archive = '<IDEArchive: 0x7fdc791c71a0>', distributionMethod='<IDEDistributionMethodiOSEnterprise: 0x7fdc79242440>', team='<IDEProvisioningBasicTeam 0x7fdc791f5140: teamID: 823S57WQK3, teamName: (null)>'>
	<IDEDistributionContext: 0x7fdc7930f6d0; archive = '<IDEArchive: 0x7fdc791c71a0>', distributionMethod='<IDEDistributionMethodiOSEnterprise: 0x7fdc79242440>', team='<IDEProvisioningBasicTeam 0x7fdc791f5140: teamID: 823S57WQK3, teamName: (null)>'>
	<IDEDistributionContext: 0x7fdc791dbaa0; archive = '<IDEArchive: 0x7fdc791c71a0>', distributionMethod='<IDEDistributionMethodiOSEnterprise: 0x7fdc79242440>', team='<IDEProvisioningBasicTeam 0x7fdc791f5140: teamID: 823S57WQK3, teamName: (null)>'>
	<IDEDistributionContext: 0x7fdc79247740; archive = '<IDEArchive: 0x7fdc791c71a0>', distributionMethod='<IDEDistributionMethodiOSEnterprise: 0x7fdc79242440>', team='(null)'>
	<IDEDistributionContext: 0x7fdc79118800; archive = '<IDEArchive: 0x7fdc791c71a0>', distributionMethod='(null)', team='(null)'>
</IDEDistributionProcessingPipelineContext: 0x7fdc79302fd0>
2018-03-06 18:54:56 +0000 [MT] Processing step: IDEDistributionCreateDestRootStep
2018-03-06 18:54:56 +0000 [MT] Processing step: IDEDistributionCopyItemStep
2018-03-06 18:54:56 +0000 [MT] Running /usr/bin/ditto '-V' '/Users/sam/Desktop/DTR/otg-delivery-mobile-project/otg-delivery-mobile.xcarchive/Products/Applications/otg-delivery-mobile.app' '/var/folders/4_/1zfb0j5103x10yvswnr6z3540000gn/T/XcodeDistPipeline.rQx/Root/Payload/otg-delivery-mobile.app'
2018-03-06 18:54:56 +0000  >>> Copying /Users/sam/Desktop/DTR/otg-delivery-mobile-project/otg-delivery-mobile.xcarchive/Products/Applications/otg-delivery-mobile.app 
2018-03-06 18:54:56 +0000  copying file ./_CodeSignature/CodeResources ... 
2018-03-06 18:54:56 +0000  12607 bytes for ./_CodeSignature/CodeResources
2018-03-06 18:54:56 +0000  copying file ./AppIcon60x60@2x.png ... 
2018-03-06 18:54:56 +0000  7405 bytes for ./AppIcon60x60@2x.png
2018-03-06 18:54:56 +0000  copying file ./AppIcon76x76@2x~ipad.png ... 
2018-03-06 18:54:56 +0000  9717 bytes for ./AppIcon76x76@2x~ipad.png
copying file ./archived-expanded-entitlements.xcent ... 
2018-03-06 18:54:56 +0000  386 bytes for ./archived-expanded-entitlements.xcent
2018-03-06 18:54:56 +0000  copying file ./Assets.car ... 
2018-03-06 18:54:56 +0000  100584 bytes for ./Assets.car
2018-03-06 18:54:56 +0000  copying file ./Base.lproj/LaunchScreen.storyboardc/01J-lp-oVM-view-Ze5-6b-2t3.nib ... 
2018-03-06 18:54:56 +0000  1136 bytes for ./Base.lproj/LaunchScreen.storyboardc/01J-lp-oVM-view-Ze5-6b-2t3.nib
copying file ./Base.lproj/LaunchScreen.storyboardc/Info.plist ... 
2018-03-06 18:54:56 +0000  258 bytes for ./Base.lproj/LaunchScreen.storyboardc/Info.plist
2018-03-06 18:54:56 +0000  copying file ./Base.lproj/LaunchScreen.storyboardc/UIViewController-01J-lp-oVM.nib ... 
2018-03-06 18:54:56 +0000  832 bytes for ./Base.lproj/LaunchScreen.storyboardc/UIViewController-01J-lp-oVM.nib
2018-03-06 18:54:56 +0000  copying file ./Base.lproj/Main.storyboardc/BYZ-38-t0r-view-8bC-Xf-vdC.nib ... 
2018-03-06 18:54:56 +0000  3158 bytes for ./Base.lproj/Main.storyboardc/BYZ-38-t0r-view-8bC-Xf-vdC.nib
2018-03-06 18:54:56 +0000  copying file ./Base.lproj/Main.storyboardc/gvk-PD-4GN-view-CjR-9S-k9S.nib ... 
2018-03-06 18:54:56 +0000  5028 bytes for ./Base.lproj/Main.storyboardc/gvk-PD-4GN-view-CjR-9S-k9S.nib
copying file ./Base.lproj/Main.storyboardc/Info.plist ... 
2018-03-06 18:54:56 +0000  399 bytes for ./Base.lproj/Main.storyboardc/Info.plist
copying file ./Base.lproj/Main.storyboardc/UIViewController-BYZ-38-t0r.nib ... 
2018-03-06 18:54:56 +0000  1213 bytes for ./Base.lproj/Main.storyboardc/UIViewController-BYZ-38-t0r.nib
copying file ./Base.lproj/Main.storyboardc/UIViewController-gvk-PD-4GN.nib ... 
2018-03-06 18:54:56 +0000  1349 bytes for ./Base.lproj/Main.storyboardc/UIViewController-gvk-PD-4GN.nib
2018-03-06 18:54:56 +0000  copying file ./Base.lproj/Main.storyboardc/UIViewController-Xv5-sw-fZT.nib ... 
2018-03-06 18:54:56 +0000  1001 bytes for ./Base.lproj/Main.storyboardc/UIViewController-Xv5-sw-fZT.nib
2018-03-06 18:54:56 +0000  copying file ./Base.lproj/Main.storyboardc/Xv5-sw-fZT-view-25Z-p4-98G.nib ... 
2018-03-06 18:54:56 +0000  5069 bytes for ./Base.lproj/Main.storyboardc/Xv5-sw-fZT-view-25Z-p4-98G.nib
2018-03-06 18:54:56 +0000  copying file ./coffee-icon.png ... 
2018-03-06 18:54:56 +0000  19673 bytes for ./coffee-icon.png
2018-03-06 18:54:56 +0000  copying file ./Delta_Enterprise_Export.sh ... 
2018-03-06 18:54:56 +0000  470 bytes for ./Delta_Enterprise_Export.sh
2018-03-06 18:54:56 +0000  copying file ./embedded.mobileprovision ... 
2018-03-06 18:54:56 +0000  8109 bytes for ./embedded.mobileprovision
2018-03-06 18:54:56 +0000  copying file ./Frameworks/libswiftCore.dylib ... 
2018-03-06 18:54:56 +0000  68838896 bytes for ./Frameworks/libswiftCore.dylib
copying file ./Frameworks/libswiftCoreFoundation.dylib ... 
2018-03-06 18:54:56 +0000  257648 bytes for ./Frameworks/libswiftCoreFoundation.dylib
copying file ./Frameworks/libswiftCoreGraphics.dylib ... 
1268800 bytes for ./Frameworks/libswiftCoreGraphics.dylib
copying file ./Frameworks/libswiftCoreImage.dylib ... 
2018-03-06 18:54:56 +0000  258224 bytes for ./Frameworks/libswiftCoreImage.dylib
copying file ./Frameworks/libswiftCoreLocation.dylib ... 
401376 bytes for ./Frameworks/libswiftCoreLocation.dylib
copying file ./Frameworks/libswiftDarwin.dylib ... 
599232 bytes for ./Frameworks/libswiftDarwin.dylib
copying file ./Frameworks/libswiftDispatch.dylib ... 
2018-03-06 18:54:56 +0000  2440688 bytes for ./Frameworks/libswiftDispatch.dylib
copying file ./Frameworks/libswiftFoundation.dylib ... 
2018-03-06 18:54:56 +0000  27746432 bytes for ./Frameworks/libswiftFoundation.dylib
copying file ./Frameworks/libswiftMetal.dylib ... 
2018-03-06 18:54:56 +0000  399328 bytes for ./Frameworks/libswiftMetal.dylib
copying file ./Frameworks/libswiftObjectiveC.dylib ... 
2018-03-06 18:54:56 +0000  505744 bytes for ./Frameworks/libswiftObjectiveC.dylib
copying file ./Frameworks/libswiftos.dylib ... 
2018-03-06 18:54:56 +0000  446352 bytes for ./Frameworks/libswiftos.dylib
copying file ./Frameworks/libswiftQuartzCore.dylib ... 
2018-03-06 18:54:56 +0000  310928 bytes for ./Frameworks/libswiftQuartzCore.dylib
2018-03-06 18:54:56 +0000  copying file ./Frameworks/libswiftUIKit.dylib ... 
2018-03-06 18:54:56 +0000  789136 bytes for ./Frameworks/libswiftUIKit.dylib
2018-03-06 18:54:56 +0000  copying file ./Info.plist ... 
1748 bytes for ./Info.plist
copying file ./otg-delivery-mobile ... 
462192 bytes for ./otg-delivery-mobile
copying file ./PkgInfo ... 
8 bytes for ./PkgInfo
copying file ./route1.gpx ... 
603 bytes for ./route1.gpx
2018-03-06 18:54:56 +0000 [MT] /usr/bin/ditto exited with 0
2018-03-06 18:54:56 +0000 [MT] Processing step: IDEDistributionEmbedProfileStep
2018-03-06 18:54:56 +0000 [MT] Skipping profile for item: <IDEDistributionItem: 0x7fdc765d56f0 'com.apple.dt.runtime.swiftCore' '<DVTFilePath:0x7fdc7906d360:'/Users/sam/Desktop/DTR/otg-delivery-mobile-project/otg-delivery-mobile.xcarchive/Products/Applications/otg-delivery-mobile.app/Frameworks/libswiftCore.dylib'>'>
2018-03-06 18:54:56 +0000 [MT] Skipping profile for item: <IDEDistributionItem: 0x7fdc7907a490 'com.apple.dt.runtime.swiftCoreFoundation' '<DVTFilePath:0x7fdc792612b0:'/Users/sam/Desktop/DTR/otg-delivery-mobile-project/otg-delivery-mobile.xcarchive/Products/Applications/otg-delivery-mobile.app/Frameworks/libswiftCoreFoundation.dylib'>'>
2018-03-06 18:54:56 +0000 [MT] Skipping profile for item: <IDEDistributionItem: 0x7fdc790749e0 'com.apple.dt.runtime.swiftCoreGraphics' '<DVTFilePath:0x7fdc79275dd0:'/Users/sam/Desktop/DTR/otg-delivery-mobile-project/otg-delivery-mobile.xcarchive/Products/Applications/otg-delivery-mobile.app/Frameworks/libswiftCoreGraphics.dylib'>'>
2018-03-06 18:54:56 +0000 [MT] Skipping profile for item: <IDEDistributionItem: 0x7fdc7928bdf0 'com.apple.dt.runtime.swiftCoreImage' '<DVTFilePath:0x7fdc79264d70:'/Users/sam/Desktop/DTR/otg-delivery-mobile-project/otg-delivery-mobile.xcarchive/Products/Applications/otg-delivery-mobile.app/Frameworks/libswiftCoreImage.dylib'>'>
2018-03-06 18:54:56 +0000 [MT] Skipping profile for item: <IDEDistributionItem: 0x7fdc79271b30 'com.apple.dt.runtime.swiftCoreLocation' '<DVTFilePath:0x7fdc7926fcb0:'/Users/sam/Desktop/DTR/otg-delivery-mobile-project/otg-delivery-mobile.xcarchive/Products/Applications/otg-delivery-mobile.app/Frameworks/libswiftCoreLocation.dylib'>'>
2018-03-06 18:54:56 +0000 [MT] Skipping profile for item: <IDEDistributionItem: 0x7fdc7928ec10 'com.apple.dt.runtime.swiftDarwin' '<DVTFilePath:0x7fdc79276b30:'/Users/sam/Desktop/DTR/otg-delivery-mobile-project/otg-delivery-mobile.xcarchive/Products/Applications/otg-delivery-mobile.app/Frameworks/libswiftDarwin.dylib'>'>
2018-03-06 18:54:56 +0000 [MT] Skipping profile for item: <IDEDistributionItem: 0x7fdc79074cf0 'com.apple.dt.runtime.swiftDispatch' '<DVTFilePath:0x7fdc79277ab0:'/Users/sam/Desktop/DTR/otg-delivery-mobile-project/otg-delivery-mobile.xcarchive/Products/Applications/otg-delivery-mobile.app/Frameworks/libswiftDispatch.dylib'>'>
2018-03-06 18:54:56 +0000 [MT] Skipping profile for item: <IDEDistributionItem: 0x7fdc79289cf0 'com.apple.dt.runtime.swiftFoundation' '<DVTFilePath:0x7fdc7926d300:'/Users/sam/Desktop/DTR/otg-delivery-mobile-project/otg-delivery-mobile.xcarchive/Products/Applications/otg-delivery-mobile.app/Frameworks/libswiftFoundation.dylib'>'>
2018-03-06 18:54:56 +0000 [MT] Skipping profile for item: <IDEDistributionItem: 0x7fdc791ed170 'com.apple.dt.runtime.swiftMetal' '<DVTFilePath:0x7fdc7926a360:'/Users/sam/Desktop/DTR/otg-delivery-mobile-project/otg-delivery-mobile.xcarchive/Products/Applications/otg-delivery-mobile.app/Frameworks/libswiftMetal.dylib'>'>
2018-03-06 18:54:56 +0000 [MT] Skipping profile for item: <IDEDistributionItem: 0x7fdc7906b620 'com.apple.dt.runtime.swiftObjectiveC' '<DVTFilePath:0x7fdc792607b0:'/Users/sam/Desktop/DTR/otg-delivery-mobile-project/otg-delivery-mobile.xcarchive/Products/Applications/otg-delivery-mobile.app/Frameworks/libswiftObjectiveC.dylib'>'>
2018-03-06 18:54:56 +0000 [MT] Skipping profile for item: <IDEDistributionItem: 0x7fdc790775b0 'com.apple.dt.runtime.swiftQuartzCore' '<DVTFilePath:0x7fdc792750a0:'/Users/sam/Desktop/DTR/otg-delivery-mobile-project/otg-delivery-mobile.xcarchive/Products/Applications/otg-delivery-mobile.app/Frameworks/libswiftQuartzCore.dylib'>'>
2018-03-06 18:54:56 +0000 [MT] Skipping profile for item: <IDEDistributionItem: 0x7fdc765d57e0 'com.apple.dt.runtime.swiftUIKit' '<DVTFilePath:0x7fdc79283660:'/Users/sam/Desktop/DTR/otg-delivery-mobile-project/otg-delivery-mobile.xcarchive/Products/Applications/otg-delivery-mobile.app/Frameworks/libswiftUIKit.dylib'>'>
2018-03-06 18:54:56 +0000 [MT] Skipping profile for item: <IDEDistributionItem: 0x7fdc7928eef0 'com.apple.dt.runtime.swiftos' '<DVTFilePath:0x7fdc79266d40:'/Users/sam/Desktop/DTR/otg-delivery-mobile-project/otg-delivery-mobile.xcarchive/Products/Applications/otg-delivery-mobile.app/Frameworks/libswiftos.dylib'>'>
2018-03-06 18:54:56 +0000 [MT] Processing step: IDEDistributionAppThinningPlistStep
2018-03-06 18:54:56 +0000 [MT] Skipping step: IDEDistributionAppThinningPlistStep because it said so
2018-03-06 18:54:56 +0000 [MT] Processing step: IDEDistributionCompileBitcodeStep
2018-03-06 18:54:56 +0000 [MT] Skipping step: IDEDistributionCompileBitcodeStep because it said so
2018-03-06 18:54:56 +0000 [MT] Processing step: IDEDistributionCodeSlimmingStep
2018-03-06 18:54:56 +0000 [MT] Processing step: IDEDistributionCopyBCSymbolMapsStep
2018-03-06 18:54:56 +0000 [MT] Skipping step: IDEDistributionCopyBCSymbolMapsStep because it said so
2018-03-06 18:54:56 +0000 [MT] Skipping step: IDEDistributionCopyBCSymbolMapsStep because it said so
2018-03-06 18:54:56 +0000 [MT] Skipping step: IDEDistributionCopyBCSymbolMapsStep because it said so
2018-03-06 18:54:56 +0000 [MT] Skipping step: IDEDistributionCopyBCSymbolMapsStep because it said so
2018-03-06 18:54:56 +0000 [MT] Skipping step: IDEDistributionCopyBCSymbolMapsStep because it said so
2018-03-06 18:54:56 +0000 [MT] Skipping step: IDEDistributionCopyBCSymbolMapsStep because it said so
2018-03-06 18:54:56 +0000 [MT] Skipping step: IDEDistributionCopyBCSymbolMapsStep because it said so
2018-03-06 18:54:56 +0000 [MT] Skipping step: IDEDistributionCopyBCSymbolMapsStep because it said so
2018-03-06 18:54:56 +0000 [MT] Skipping step: IDEDistributionCopyBCSymbolMapsStep because it said so
2018-03-06 18:54:56 +0000 [MT] Skipping step: IDEDistributionCopyBCSymbolMapsStep because it said so
2018-03-06 18:54:56 +0000 [MT] Skipping step: IDEDistributionCopyBCSymbolMapsStep because it said so
2018-03-06 18:54:56 +0000 [MT] Skipping step: IDEDistributionCopyBCSymbolMapsStep because it said so
2018-03-06 18:54:56 +0000 [MT] Skipping step: IDEDistributionCopyBCSymbolMapsStep because it said so
2018-03-06 18:54:56 +0000 [MT] Skipping step: IDEDistributionCopyBCSymbolMapsStep because it said so
2018-03-06 18:54:56 +0000 [MT] Processing step: IDEDistributionSymbolsStep
2018-03-06 18:54:56 +0000 [MT] Skipping step: IDEDistributionSymbolsStep because it said so
2018-03-06 18:54:56 +0000 [MT] Skipping step: IDEDistributionSymbolsStep because it said so
2018-03-06 18:54:56 +0000 [MT] Skipping step: IDEDistributionSymbolsStep because it said so
2018-03-06 18:54:56 +0000 [MT] Skipping step: IDEDistributionSymbolsStep because it said so
2018-03-06 18:54:56 +0000 [MT] Skipping step: IDEDistributionSymbolsStep because it said so
2018-03-06 18:54:56 +0000 [MT] Skipping step: IDEDistributionSymbolsStep because it said so
2018-03-06 18:54:56 +0000 [MT] Skipping step: IDEDistributionSymbolsStep because it said so
2018-03-06 18:54:56 +0000 [MT] Skipping step: IDEDistributionSymbolsStep because it said so
2018-03-06 18:54:56 +0000 [MT] Skipping step: IDEDistributionSymbolsStep because it said so
2018-03-06 18:54:56 +0000 [MT] Skipping step: IDEDistributionSymbolsStep because it said so
2018-03-06 18:54:56 +0000 [MT] Skipping step: IDEDistributionSymbolsStep because it said so
2018-03-06 18:54:56 +0000 [MT] Skipping step: IDEDistributionSymbolsStep because it said so
2018-03-06 18:54:56 +0000 [MT] Skipping step: IDEDistributionSymbolsStep because it said so
2018-03-06 18:54:56 +0000 [MT] Skipping step: IDEDistributionSymbolsStep because it said so
2018-03-06 18:54:56 +0000 [MT] Processing step: IDEDistributionAppThinningStep
2018-03-06 18:54:56 +0000 [MT] Skipping step: IDEDistributionAppThinningStep because it said so
2018-03-06 18:54:56 +0000 [MT] Processing step: IDEDistributionODRStep
2018-03-06 18:54:56 +0000 [MT] Processing step: IDEDistributionStripXattrsStep
2018-03-06 18:54:56 +0000 [MT] Skipping stripping extended attributes of item: <IDEDistributionItem: 0x7fdc765d56f0 'com.apple.dt.runtime.swiftCore' '<DVTFilePath:0x7fdc7906d360:'/Users/sam/Desktop/DTR/otg-delivery-mobile-project/otg-delivery-mobile.xcarchive/Products/Applications/otg-delivery-mobile.app/Frameworks/libswiftCore.dylib'>'>
2018-03-06 18:54:56 +0000 [MT] Skipping stripping extended attributes of item: <IDEDistributionItem: 0x7fdc7907a490 'com.apple.dt.runtime.swiftCoreFoundation' '<DVTFilePath:0x7fdc792612b0:'/Users/sam/Desktop/DTR/otg-delivery-mobile-project/otg-delivery-mobile.xcarchive/Products/Applications/otg-delivery-mobile.app/Frameworks/libswiftCoreFoundation.dylib'>'>
2018-03-06 18:54:56 +0000 [MT] Skipping stripping extended attributes of item: <IDEDistributionItem: 0x7fdc790749e0 'com.apple.dt.runtime.swiftCoreGraphics' '<DVTFilePath:0x7fdc79275dd0:'/Users/sam/Desktop/DTR/otg-delivery-mobile-project/otg-delivery-mobile.xcarchive/Products/Applications/otg-delivery-mobile.app/Frameworks/libswiftCoreGraphics.dylib'>'>
2018-03-06 18:54:56 +0000 [MT] Skipping stripping extended attributes of item: <IDEDistributionItem: 0x7fdc7928bdf0 'com.apple.dt.runtime.swiftCoreImage' '<DVTFilePath:0x7fdc79264d70:'/Users/sam/Desktop/DTR/otg-delivery-mobile-project/otg-delivery-mobile.xcarchive/Products/Applications/otg-delivery-mobile.app/Frameworks/libswiftCoreImage.dylib'>'>
2018-03-06 18:54:56 +0000 [MT] Skipping stripping extended attributes of item: <IDEDistributionItem: 0x7fdc79271b30 'com.apple.dt.runtime.swiftCoreLocation' '<DVTFilePath:0x7fdc7926fcb0:'/Users/sam/Desktop/DTR/otg-delivery-mobile-project/otg-delivery-mobile.xcarchive/Products/Applications/otg-delivery-mobile.app/Frameworks/libswiftCoreLocation.dylib'>'>
2018-03-06 18:54:56 +0000 [MT] Skipping stripping extended attributes of item: <IDEDistributionItem: 0x7fdc7928ec10 'com.apple.dt.runtime.swiftDarwin' '<DVTFilePath:0x7fdc79276b30:'/Users/sam/Desktop/DTR/otg-delivery-mobile-project/otg-delivery-mobile.xcarchive/Products/Applications/otg-delivery-mobile.app/Frameworks/libswiftDarwin.dylib'>'>
2018-03-06 18:54:56 +0000 [MT] Skipping stripping extended attributes of item: <IDEDistributionItem: 0x7fdc79074cf0 'com.apple.dt.runtime.swiftDispatch' '<DVTFilePath:0x7fdc79277ab0:'/Users/sam/Desktop/DTR/otg-delivery-mobile-project/otg-delivery-mobile.xcarchive/Products/Applications/otg-delivery-mobile.app/Frameworks/libswiftDispatch.dylib'>'>
2018-03-06 18:54:56 +0000 [MT] Skipping stripping extended attributes of item: <IDEDistributionItem: 0x7fdc79289cf0 'com.apple.dt.runtime.swiftFoundation' '<DVTFilePath:0x7fdc7926d300:'/Users/sam/Desktop/DTR/otg-delivery-mobile-project/otg-delivery-mobile.xcarchive/Products/Applications/otg-delivery-mobile.app/Frameworks/libswiftFoundation.dylib'>'>
2018-03-06 18:54:56 +0000 [MT] Skipping stripping extended attributes of item: <IDEDistributionItem: 0x7fdc791ed170 'com.apple.dt.runtime.swiftMetal' '<DVTFilePath:0x7fdc7926a360:'/Users/sam/Desktop/DTR/otg-delivery-mobile-project/otg-delivery-mobile.xcarchive/Products/Applications/otg-delivery-mobile.app/Frameworks/libswiftMetal.dylib'>'>
2018-03-06 18:54:56 +0000 [MT] Skipping stripping extended attributes of item: <IDEDistributionItem: 0x7fdc7906b620 'com.apple.dt.runtime.swiftObjectiveC' '<DVTFilePath:0x7fdc792607b0:'/Users/sam/Desktop/DTR/otg-delivery-mobile-project/otg-delivery-mobile.xcarchive/Products/Applications/otg-delivery-mobile.app/Frameworks/libswiftObjectiveC.dylib'>'>
2018-03-06 18:54:56 +0000 [MT] Skipping stripping extended attributes of item: <IDEDistributionItem: 0x7fdc790775b0 'com.apple.dt.runtime.swiftQuartzCore' '<DVTFilePath:0x7fdc792750a0:'/Users/sam/Desktop/DTR/otg-delivery-mobile-project/otg-delivery-mobile.xcarchive/Products/Applications/otg-delivery-mobile.app/Frameworks/libswiftQuartzCore.dylib'>'>
2018-03-06 18:54:56 +0000 [MT] Skipping stripping extended attributes of item: <IDEDistributionItem: 0x7fdc765d57e0 'com.apple.dt.runtime.swiftUIKit' '<DVTFilePath:0x7fdc79283660:'/Users/sam/Desktop/DTR/otg-delivery-mobile-project/otg-delivery-mobile.xcarchive/Products/Applications/otg-delivery-mobile.app/Frameworks/libswiftUIKit.dylib'>'>
2018-03-06 18:54:56 +0000 [MT] Skipping stripping extended attributes of item: <IDEDistributionItem: 0x7fdc7928eef0 'com.apple.dt.runtime.swiftos' '<DVTFilePath:0x7fdc79266d40:'/Users/sam/Desktop/DTR/otg-delivery-mobile-project/otg-delivery-mobile.xcarchive/Products/Applications/otg-delivery-mobile.app/Frameworks/libswiftos.dylib'>'>
2018-03-06 18:54:56 +0000 [MT] Running /usr/bin/xattr '-crs' '/var/folders/4_/1zfb0j5103x10yvswnr6z3540000gn/T/XcodeDistPipeline.rQx/Root/Payload/otg-delivery-mobile.app'
2018-03-06 18:54:56 +0000 [MT] /usr/bin/xattr exited with 0
2018-03-06 18:54:56 +0000 [MT] Processing step: IDEDistributionCodesignStep
2018-03-06 18:54:56 +0000 [MT] Applying entitlements delta for <IDEDistributionItem: 0x7fdc765d56f0 'com.apple.dt.runtime.swiftCore' '<DVTFilePath:0x7fdc7906d360:'/Users/sam/Desktop/DTR/otg-delivery-mobile-project/otg-delivery-mobile.xcarchive/Products/Applications/otg-delivery-mobile.app/Frameworks/libswiftCore.dylib'>'> from <IDEiCloudEntitlementsProcessor: 0x7fdc7930bfb0>: {
}
2018-03-06 18:54:56 +0000 [MT] Entitlements for <IDEDistributionItem: 0x7fdc765d56f0 'com.apple.dt.runtime.swiftCore' '<DVTFilePath:0x7fdc7906d360:'/Users/sam/Desktop/DTR/otg-delivery-mobile-project/otg-delivery-mobile.xcarchive/Products/Applications/otg-delivery-mobile.app/Frameworks/libswiftCore.dylib'>'>: {
}
2018-03-06 18:54:56 +0000 [MT] Writing entitlements for <IDEDistributionItem: 0x7fdc765d56f0 'com.apple.dt.runtime.swiftCore' '<DVTFilePath:0x7fdc7906d360:'/Users/sam/Desktop/DTR/otg-delivery-mobile-project/otg-delivery-mobile.xcarchive/Products/Applications/otg-delivery-mobile.app/Frameworks/libswiftCore.dylib'>'> to: /var/folders/4_/1zfb0j5103x10yvswnr6z3540000gn/T/XcodeDistPipeline.rQx/entitlementsdZCBR4
2018-03-06 18:54:56 +0000 [MT] Running /usr/bin/codesign '-vvv' '--force' '--sign' 'D0AF524183625F06F0B8238136E6044EE4A109EE' '--preserve-metadata=identifier,flags' '--entitlements' '/var/folders/4_/1zfb0j5103x10yvswnr6z3540000gn/T/XcodeDistPipeline.rQx/entitlementsdZCBR4' '/var/folders/4_/1zfb0j5103x10yvswnr6z3540000gn/T/XcodeDistPipeline.rQx/Root/Payload/otg-delivery-mobile.app/Frameworks/libswiftCore.dylib'
2018-03-06 18:54:57 +0000  /var/folders/4_/1zfb0j5103x10yvswnr6z3540000gn/T/XcodeDistPipeline.rQx/Root/Payload/otg-delivery-mobile.app/Frameworks/libswiftCore.dylib: signed Mach-O universal (armv7 armv7s arm64) [com.apple.dt.runtime.swiftCore]
2018-03-06 18:54:57 +0000 [MT] /usr/bin/codesign exited with 0
2018-03-06 18:54:57 +0000 [MT] Applying entitlements delta for <IDEDistributionItem: 0x7fdc7907a490 'com.apple.dt.runtime.swiftCoreFoundation' '<DVTFilePath:0x7fdc792612b0:'/Users/sam/Desktop/DTR/otg-delivery-mobile-project/otg-delivery-mobile.xcarchive/Products/Applications/otg-delivery-mobile.app/Frameworks/libswiftCoreFoundation.dylib'>'> from <IDEiCloudEntitlementsProcessor: 0x7fdc7930fe40>: {
}
2018-03-06 18:54:57 +0000 [MT] Entitlements for <IDEDistributionItem: 0x7fdc7907a490 'com.apple.dt.runtime.swiftCoreFoundation' '<DVTFilePath:0x7fdc792612b0:'/Users/sam/Desktop/DTR/otg-delivery-mobile-project/otg-delivery-mobile.xcarchive/Products/Applications/otg-delivery-mobile.app/Frameworks/libswiftCoreFoundation.dylib'>'>: {
}
2018-03-06 18:54:57 +0000 [MT] Writing entitlements for <IDEDistributionItem: 0x7fdc7907a490 'com.apple.dt.runtime.swiftCoreFoundation' '<DVTFilePath:0x7fdc792612b0:'/Users/sam/Desktop/DTR/otg-delivery-mobile-project/otg-delivery-mobile.xcarchive/Products/Applications/otg-delivery-mobile.app/Frameworks/libswiftCoreFoundation.dylib'>'> to: /var/folders/4_/1zfb0j5103x10yvswnr6z3540000gn/T/XcodeDistPipeline.rQx/entitlementsh5rmne
2018-03-06 18:54:57 +0000 [MT] Running /usr/bin/codesign '-vvv' '--force' '--sign' 'D0AF524183625F06F0B8238136E6044EE4A109EE' '--preserve-metadata=identifier,flags' '--entitlements' '/var/folders/4_/1zfb0j5103x10yvswnr6z3540000gn/T/XcodeDistPipeline.rQx/entitlementsh5rmne' '/var/folders/4_/1zfb0j5103x10yvswnr6z3540000gn/T/XcodeDistPipeline.rQx/Root/Payload/otg-delivery-mobile.app/Frameworks/libswiftCoreFoundation.dylib'
2018-03-06 18:54:57 +0000  /var/folders/4_/1zfb0j5103x10yvswnr6z3540000gn/T/XcodeDistPipeline.rQx/Root/Payload/otg-delivery-mobile.app/Frameworks/libswiftCoreFoundation.dylib: signed Mach-O universal (armv7 armv7s arm64) [com.apple.dt.runtime.swiftCoreFoundation]
2018-03-06 18:54:57 +0000 [MT] /usr/bin/codesign exited with 0
2018-03-06 18:54:57 +0000 [MT] Applying entitlements delta for <IDEDistributionItem: 0x7fdc790749e0 'com.apple.dt.runtime.swiftCoreGraphics' '<DVTFilePath:0x7fdc79275dd0:'/Users/sam/Desktop/DTR/otg-delivery-mobile-project/otg-delivery-mobile.xcarchive/Products/Applications/otg-delivery-mobile.app/Frameworks/libswiftCoreGraphics.dylib'>'> from <IDEiCloudEntitlementsProcessor: 0x7fdc79327860>: {
}
2018-03-06 18:54:57 +0000 [MT] Entitlements for <IDEDistributionItem: 0x7fdc790749e0 'com.apple.dt.runtime.swiftCoreGraphics' '<DVTFilePath:0x7fdc79275dd0:'/Users/sam/Desktop/DTR/otg-delivery-mobile-project/otg-delivery-mobile.xcarchive/Products/Applications/otg-delivery-mobile.app/Frameworks/libswiftCoreGraphics.dylib'>'>: {
}
2018-03-06 18:54:57 +0000 [MT] Writing entitlements for <IDEDistributionItem: 0x7fdc790749e0 'com.apple.dt.runtime.swiftCoreGraphics' '<DVTFilePath:0x7fdc79275dd0:'/Users/sam/Desktop/DTR/otg-delivery-mobile-project/otg-delivery-mobile.xcarchive/Products/Applications/otg-delivery-mobile.app/Frameworks/libswiftCoreGraphics.dylib'>'> to: /var/folders/4_/1zfb0j5103x10yvswnr6z3540000gn/T/XcodeDistPipeline.rQx/entitlementslYH0Nd
2018-03-06 18:54:57 +0000 [MT] Running /usr/bin/codesign '-vvv' '--force' '--sign' 'D0AF524183625F06F0B8238136E6044EE4A109EE' '--preserve-metadata=identifier,flags' '--entitlements' '/var/folders/4_/1zfb0j5103x10yvswnr6z3540000gn/T/XcodeDistPipeline.rQx/entitlementslYH0Nd' '/var/folders/4_/1zfb0j5103x10yvswnr6z3540000gn/T/XcodeDistPipeline.rQx/Root/Payload/otg-delivery-mobile.app/Frameworks/libswiftCoreGraphics.dylib'
2018-03-06 18:54:57 +0000  /var/folders/4_/1zfb0j5103x10yvswnr6z3540000gn/T/XcodeDistPipeline.rQx/Root/Payload/otg-delivery-mobile.app/Frameworks/libswiftCoreGraphics.dylib: signed Mach-O universal (armv7 armv7s arm64) [com.apple.dt.runtime.swiftCoreGraphics]
2018-03-06 18:54:57 +0000 [MT] /usr/bin/codesign exited with 0
2018-03-06 18:54:57 +0000 [MT] Applying entitlements delta for <IDEDistributionItem: 0x7fdc7928bdf0 'com.apple.dt.runtime.swiftCoreImage' '<DVTFilePath:0x7fdc79264d70:'/Users/sam/Desktop/DTR/otg-delivery-mobile-project/otg-delivery-mobile.xcarchive/Products/Applications/otg-delivery-mobile.app/Frameworks/libswiftCoreImage.dylib'>'> from <IDEiCloudEntitlementsProcessor: 0x7fdc79327930>: {
}
2018-03-06 18:54:57 +0000 [MT] Entitlements for <IDEDistributionItem: 0x7fdc7928bdf0 'com.apple.dt.runtime.swiftCoreImage' '<DVTFilePath:0x7fdc79264d70:'/Users/sam/Desktop/DTR/otg-delivery-mobile-project/otg-delivery-mobile.xcarchive/Products/Applications/otg-delivery-mobile.app/Frameworks/libswiftCoreImage.dylib'>'>: {
}
2018-03-06 18:54:57 +0000 [MT] Writing entitlements for <IDEDistributionItem: 0x7fdc7928bdf0 'com.apple.dt.runtime.swiftCoreImage' '<DVTFilePath:0x7fdc79264d70:'/Users/sam/Desktop/DTR/otg-delivery-mobile-project/otg-delivery-mobile.xcarchive/Products/Applications/otg-delivery-mobile.app/Frameworks/libswiftCoreImage.dylib'>'> to: /var/folders/4_/1zfb0j5103x10yvswnr6z3540000gn/T/XcodeDistPipeline.rQx/entitlementseZ6unj
2018-03-06 18:54:57 +0000 [MT] Running /usr/bin/codesign '-vvv' '--force' '--sign' 'D0AF524183625F06F0B8238136E6044EE4A109EE' '--preserve-metadata=identifier,flags' '--entitlements' '/var/folders/4_/1zfb0j5103x10yvswnr6z3540000gn/T/XcodeDistPipeline.rQx/entitlementseZ6unj' '/var/folders/4_/1zfb0j5103x10yvswnr6z3540000gn/T/XcodeDistPipeline.rQx/Root/Payload/otg-delivery-mobile.app/Frameworks/libswiftCoreImage.dylib'
2018-03-06 18:54:57 +0000  /var/folders/4_/1zfb0j5103x10yvswnr6z3540000gn/T/XcodeDistPipeline.rQx/Root/Payload/otg-delivery-mobile.app/Frameworks/libswiftCoreImage.dylib: signed Mach-O universal (armv7 armv7s arm64) [com.apple.dt.runtime.swiftCoreImage]
2018-03-06 18:54:57 +0000 [MT] /usr/bin/codesign exited with 0
2018-03-06 18:54:57 +0000 [MT] Applying entitlements delta for <IDEDistributionItem: 0x7fdc79271b30 'com.apple.dt.runtime.swiftCoreLocation' '<DVTFilePath:0x7fdc7926fcb0:'/Users/sam/Desktop/DTR/otg-delivery-mobile-project/otg-delivery-mobile.xcarchive/Products/Applications/otg-delivery-mobile.app/Frameworks/libswiftCoreLocation.dylib'>'> from <IDEiCloudEntitlementsProcessor: 0x7fdc793279a0>: {
}
2018-03-06 18:54:57 +0000 [MT] Entitlements for <IDEDistributionItem: 0x7fdc79271b30 'com.apple.dt.runtime.swiftCoreLocation' '<DVTFilePath:0x7fdc7926fcb0:'/Users/sam/Desktop/DTR/otg-delivery-mobile-project/otg-delivery-mobile.xcarchive/Products/Applications/otg-delivery-mobile.app/Frameworks/libswiftCoreLocation.dylib'>'>: {
}
2018-03-06 18:54:57 +0000 [MT] Writing entitlements for <IDEDistributionItem: 0x7fdc79271b30 'com.apple.dt.runtime.swiftCoreLocation' '<DVTFilePath:0x7fdc7926fcb0:'/Users/sam/Desktop/DTR/otg-delivery-mobile-project/otg-delivery-mobile.xcarchive/Products/Applications/otg-delivery-mobile.app/Frameworks/libswiftCoreLocation.dylib'>'> to: /var/folders/4_/1zfb0j5103x10yvswnr6z3540000gn/T/XcodeDistPipeline.rQx/entitlementsDsVIIr
2018-03-06 18:54:57 +0000 [MT] Running /usr/bin/codesign '-vvv' '--force' '--sign' 'D0AF524183625F06F0B8238136E6044EE4A109EE' '--preserve-metadata=identifier,flags' '--entitlements' '/var/folders/4_/1zfb0j5103x10yvswnr6z3540000gn/T/XcodeDistPipeline.rQx/entitlementsDsVIIr' '/var/folders/4_/1zfb0j5103x10yvswnr6z3540000gn/T/XcodeDistPipeline.rQx/Root/Payload/otg-delivery-mobile.app/Frameworks/libswiftCoreLocation.dylib'
2018-03-06 18:54:57 +0000  /var/folders/4_/1zfb0j5103x10yvswnr6z3540000gn/T/XcodeDistPipeline.rQx/Root/Payload/otg-delivery-mobile.app/Frameworks/libswiftCoreLocation.dylib: signed Mach-O universal (armv7 armv7s arm64) [com.apple.dt.runtime.swiftCoreLocation]
2018-03-06 18:54:57 +0000 [MT] /usr/bin/codesign exited with 0
2018-03-06 18:54:57 +0000 [MT] Applying entitlements delta for <IDEDistributionItem: 0x7fdc7928ec10 'com.apple.dt.runtime.swiftDarwin' '<DVTFilePath:0x7fdc79276b30:'/Users/sam/Desktop/DTR/otg-delivery-mobile-project/otg-delivery-mobile.xcarchive/Products/Applications/otg-delivery-mobile.app/Frameworks/libswiftDarwin.dylib'>'> from <IDEiCloudEntitlementsProcessor: 0x7fdc79327a00>: {
}
2018-03-06 18:54:57 +0000 [MT] Entitlements for <IDEDistributionItem: 0x7fdc7928ec10 'com.apple.dt.runtime.swiftDarwin' '<DVTFilePath:0x7fdc79276b30:'/Users/sam/Desktop/DTR/otg-delivery-mobile-project/otg-delivery-mobile.xcarchive/Products/Applications/otg-delivery-mobile.app/Frameworks/libswiftDarwin.dylib'>'>: {
}
2018-03-06 18:54:57 +0000 [MT] Writing entitlements for <IDEDistributionItem: 0x7fdc7928ec10 'com.apple.dt.runtime.swiftDarwin' '<DVTFilePath:0x7fdc79276b30:'/Users/sam/Desktop/DTR/otg-delivery-mobile-project/otg-delivery-mobile.xcarchive/Products/Applications/otg-delivery-mobile.app/Frameworks/libswiftDarwin.dylib'>'> to: /var/folders/4_/1zfb0j5103x10yvswnr6z3540000gn/T/XcodeDistPipeline.rQx/entitlementsyKGvMs
2018-03-06 18:54:57 +0000 [MT] Running /usr/bin/codesign '-vvv' '--force' '--sign' 'D0AF524183625F06F0B8238136E6044EE4A109EE' '--preserve-metadata=identifier,flags' '--entitlements' '/var/folders/4_/1zfb0j5103x10yvswnr6z3540000gn/T/XcodeDistPipeline.rQx/entitlementsyKGvMs' '/var/folders/4_/1zfb0j5103x10yvswnr6z3540000gn/T/XcodeDistPipeline.rQx/Root/Payload/otg-delivery-mobile.app/Frameworks/libswiftDarwin.dylib'
2018-03-06 18:54:57 +0000  /var/folders/4_/1zfb0j5103x10yvswnr6z3540000gn/T/XcodeDistPipeline.rQx/Root/Payload/otg-delivery-mobile.app/Frameworks/libswiftDarwin.dylib: signed Mach-O universal (armv7 armv7s arm64) [com.apple.dt.runtime.swiftDarwin]
2018-03-06 18:54:57 +0000 [MT] /usr/bin/codesign exited with 0
2018-03-06 18:54:57 +0000 [MT] Applying entitlements delta for <IDEDistributionItem: 0x7fdc79074cf0 'com.apple.dt.runtime.swiftDispatch' '<DVTFilePath:0x7fdc79277ab0:'/Users/sam/Desktop/DTR/otg-delivery-mobile-project/otg-delivery-mobile.xcarchive/Products/Applications/otg-delivery-mobile.app/Frameworks/libswiftDispatch.dylib'>'> from <IDEiCloudEntitlementsProcessor: 0x7fdc79327910>: {
}
2018-03-06 18:54:57 +0000 [MT] Entitlements for <IDEDistributionItem: 0x7fdc79074cf0 'com.apple.dt.runtime.swiftDispatch' '<DVTFilePath:0x7fdc79277ab0:'/Users/sam/Desktop/DTR/otg-delivery-mobile-project/otg-delivery-mobile.xcarchive/Products/Applications/otg-delivery-mobile.app/Frameworks/libswiftDispatch.dylib'>'>: {
}
2018-03-06 18:54:57 +0000 [MT] Writing entitlements for <IDEDistributionItem: 0x7fdc79074cf0 'com.apple.dt.runtime.swiftDispatch' '<DVTFilePath:0x7fdc79277ab0:'/Users/sam/Desktop/DTR/otg-delivery-mobile-project/otg-delivery-mobile.xcarchive/Products/Applications/otg-delivery-mobile.app/Frameworks/libswiftDispatch.dylib'>'> to: /var/folders/4_/1zfb0j5103x10yvswnr6z3540000gn/T/XcodeDistPipeline.rQx/entitlements2GYSqC
2018-03-06 18:54:57 +0000 [MT] Running /usr/bin/codesign '-vvv' '--force' '--sign' 'D0AF524183625F06F0B8238136E6044EE4A109EE' '--preserve-metadata=identifier,flags' '--entitlements' '/var/folders/4_/1zfb0j5103x10yvswnr6z3540000gn/T/XcodeDistPipeline.rQx/entitlements2GYSqC' '/var/folders/4_/1zfb0j5103x10yvswnr6z3540000gn/T/XcodeDistPipeline.rQx/Root/Payload/otg-delivery-mobile.app/Frameworks/libswiftDispatch.dylib'
2018-03-06 18:54:57 +0000  /var/folders/4_/1zfb0j5103x10yvswnr6z3540000gn/T/XcodeDistPipeline.rQx/Root/Payload/otg-delivery-mobile.app/Frameworks/libswiftDispatch.dylib: signed Mach-O universal (armv7 armv7s arm64) [com.apple.dt.runtime.swiftDispatch]
2018-03-06 18:54:57 +0000 [MT] /usr/bin/codesign exited with 0
2018-03-06 18:54:57 +0000 [MT] Applying entitlements delta for <IDEDistributionItem: 0x7fdc79289cf0 'com.apple.dt.runtime.swiftFoundation' '<DVTFilePath:0x7fdc7926d300:'/Users/sam/Desktop/DTR/otg-delivery-mobile-project/otg-delivery-mobile.xcarchive/Products/Applications/otg-delivery-mobile.app/Frameworks/libswiftFoundation.dylib'>'> from <IDEiCloudEntitlementsProcessor: 0x7fdc79327ab0>: {
}
2018-03-06 18:54:57 +0000 [MT] Entitlements for <IDEDistributionItem: 0x7fdc79289cf0 'com.apple.dt.runtime.swiftFoundation' '<DVTFilePath:0x7fdc7926d300:'/Users/sam/Desktop/DTR/otg-delivery-mobile-project/otg-delivery-mobile.xcarchive/Products/Applications/otg-delivery-mobile.app/Frameworks/libswiftFoundation.dylib'>'>: {
}
2018-03-06 18:54:57 +0000 [MT] Writing entitlements for <IDEDistributionItem: 0x7fdc79289cf0 'com.apple.dt.runtime.swiftFoundation' '<DVTFilePath:0x7fdc7926d300:'/Users/sam/Desktop/DTR/otg-delivery-mobile-project/otg-delivery-mobile.xcarchive/Products/Applications/otg-delivery-mobile.app/Frameworks/libswiftFoundation.dylib'>'> to: /var/folders/4_/1zfb0j5103x10yvswnr6z3540000gn/T/XcodeDistPipeline.rQx/entitlementsX65FyF
2018-03-06 18:54:57 +0000 [MT] Running /usr/bin/codesign '-vvv' '--force' '--sign' 'D0AF524183625F06F0B8238136E6044EE4A109EE' '--preserve-metadata=identifier,flags' '--entitlements' '/var/folders/4_/1zfb0j5103x10yvswnr6z3540000gn/T/XcodeDistPipeline.rQx/entitlementsX65FyF' '/var/folders/4_/1zfb0j5103x10yvswnr6z3540000gn/T/XcodeDistPipeline.rQx/Root/Payload/otg-delivery-mobile.app/Frameworks/libswiftFoundation.dylib'
2018-03-06 18:54:58 +0000  /var/folders/4_/1zfb0j5103x10yvswnr6z3540000gn/T/XcodeDistPipeline.rQx/Root/Payload/otg-delivery-mobile.app/Frameworks/libswiftFoundation.dylib: signed Mach-O universal (armv7 armv7s arm64) [com.apple.dt.runtime.swiftFoundation]
2018-03-06 18:54:58 +0000 [MT] /usr/bin/codesign exited with 0
2018-03-06 18:54:58 +0000 [MT] Applying entitlements delta for <IDEDistributionItem: 0x7fdc791ed170 'com.apple.dt.runtime.swiftMetal' '<DVTFilePath:0x7fdc7926a360:'/Users/sam/Desktop/DTR/otg-delivery-mobile-project/otg-delivery-mobile.xcarchive/Products/Applications/otg-delivery-mobile.app/Frameworks/libswiftMetal.dylib'>'> from <IDEiCloudEntitlementsProcessor: 0x7fdc7930cea0>: {
}
2018-03-06 18:54:58 +0000 [MT] Entitlements for <IDEDistributionItem: 0x7fdc791ed170 'com.apple.dt.runtime.swiftMetal' '<DVTFilePath:0x7fdc7926a360:'/Users/sam/Desktop/DTR/otg-delivery-mobile-project/otg-delivery-mobile.xcarchive/Products/Applications/otg-delivery-mobile.app/Frameworks/libswiftMetal.dylib'>'>: {
}
2018-03-06 18:54:58 +0000 [MT] Writing entitlements for <IDEDistributionItem: 0x7fdc791ed170 'com.apple.dt.runtime.swiftMetal' '<DVTFilePath:0x7fdc7926a360:'/Users/sam/Desktop/DTR/otg-delivery-mobile-project/otg-delivery-mobile.xcarchive/Products/Applications/otg-delivery-mobile.app/Frameworks/libswiftMetal.dylib'>'> to: /var/folders/4_/1zfb0j5103x10yvswnr6z3540000gn/T/XcodeDistPipeline.rQx/entitlementsKITvi1
2018-03-06 18:54:58 +0000 [MT] Running /usr/bin/codesign '-vvv' '--force' '--sign' 'D0AF524183625F06F0B8238136E6044EE4A109EE' '--preserve-metadata=identifier,flags' '--entitlements' '/var/folders/4_/1zfb0j5103x10yvswnr6z3540000gn/T/XcodeDistPipeline.rQx/entitlementsKITvi1' '/var/folders/4_/1zfb0j5103x10yvswnr6z3540000gn/T/XcodeDistPipeline.rQx/Root/Payload/otg-delivery-mobile.app/Frameworks/libswiftMetal.dylib'
2018-03-06 18:54:58 +0000  /var/folders/4_/1zfb0j5103x10yvswnr6z3540000gn/T/XcodeDistPipeline.rQx/Root/Payload/otg-delivery-mobile.app/Frameworks/libswiftMetal.dylib: signed Mach-O universal (armv7 armv7s arm64) [com.apple.dt.runtime.swiftMetal]
2018-03-06 18:54:58 +0000 [MT] /usr/bin/codesign exited with 0
2018-03-06 18:54:58 +0000 [MT] Applying entitlements delta for <IDEDistributionItem: 0x7fdc7906b620 'com.apple.dt.runtime.swiftObjectiveC' '<DVTFilePath:0x7fdc792607b0:'/Users/sam/Desktop/DTR/otg-delivery-mobile-project/otg-delivery-mobile.xcarchive/Products/Applications/otg-delivery-mobile.app/Frameworks/libswiftObjectiveC.dylib'>'> from <IDEiCloudEntitlementsProcessor: 0x7fdc7930cf00>: {
}
2018-03-06 18:54:58 +0000 [MT] Entitlements for <IDEDistributionItem: 0x7fdc7906b620 'com.apple.dt.runtime.swiftObjectiveC' '<DVTFilePath:0x7fdc792607b0:'/Users/sam/Desktop/DTR/otg-delivery-mobile-project/otg-delivery-mobile.xcarchive/Products/Applications/otg-delivery-mobile.app/Frameworks/libswiftObjectiveC.dylib'>'>: {
}
2018-03-06 18:54:58 +0000 [MT] Writing entitlements for <IDEDistributionItem: 0x7fdc7906b620 'com.apple.dt.runtime.swiftObjectiveC' '<DVTFilePath:0x7fdc792607b0:'/Users/sam/Desktop/DTR/otg-delivery-mobile-project/otg-delivery-mobile.xcarchive/Products/Applications/otg-delivery-mobile.app/Frameworks/libswiftObjectiveC.dylib'>'> to: /var/folders/4_/1zfb0j5103x10yvswnr6z3540000gn/T/XcodeDistPipeline.rQx/entitlementssv0884
2018-03-06 18:54:58 +0000 [MT] Running /usr/bin/codesign '-vvv' '--force' '--sign' 'D0AF524183625F06F0B8238136E6044EE4A109EE' '--preserve-metadata=identifier,flags' '--entitlements' '/var/folders/4_/1zfb0j5103x10yvswnr6z3540000gn/T/XcodeDistPipeline.rQx/entitlementssv0884' '/var/folders/4_/1zfb0j5103x10yvswnr6z3540000gn/T/XcodeDistPipeline.rQx/Root/Payload/otg-delivery-mobile.app/Frameworks/libswiftObjectiveC.dylib'
2018-03-06 18:54:58 +0000  /var/folders/4_/1zfb0j5103x10yvswnr6z3540000gn/T/XcodeDistPipeline.rQx/Root/Payload/otg-delivery-mobile.app/Frameworks/libswiftObjectiveC.dylib: signed Mach-O universal (armv7 armv7s arm64) [com.apple.dt.runtime.swiftObjectiveC]
2018-03-06 18:54:58 +0000 [MT] /usr/bin/codesign exited with 0
2018-03-06 18:54:58 +0000 [MT] Applying entitlements delta for <IDEDistributionItem: 0x7fdc790775b0 'com.apple.dt.runtime.swiftQuartzCore' '<DVTFilePath:0x7fdc792750a0:'/Users/sam/Desktop/DTR/otg-delivery-mobile-project/otg-delivery-mobile.xcarchive/Products/Applications/otg-delivery-mobile.app/Frameworks/libswiftQuartzCore.dylib'>'> from <IDEiCloudEntitlementsProcessor: 0x7fdc79327a40>: {
}
2018-03-06 18:54:58 +0000 [MT] Entitlements for <IDEDistributionItem: 0x7fdc790775b0 'com.apple.dt.runtime.swiftQuartzCore' '<DVTFilePath:0x7fdc792750a0:'/Users/sam/Desktop/DTR/otg-delivery-mobile-project/otg-delivery-mobile.xcarchive/Products/Applications/otg-delivery-mobile.app/Frameworks/libswiftQuartzCore.dylib'>'>: {
}
2018-03-06 18:54:58 +0000 [MT] Writing entitlements for <IDEDistributionItem: 0x7fdc790775b0 'com.apple.dt.runtime.swiftQuartzCore' '<DVTFilePath:0x7fdc792750a0:'/Users/sam/Desktop/DTR/otg-delivery-mobile-project/otg-delivery-mobile.xcarchive/Products/Applications/otg-delivery-mobile.app/Frameworks/libswiftQuartzCore.dylib'>'> to: /var/folders/4_/1zfb0j5103x10yvswnr6z3540000gn/T/XcodeDistPipeline.rQx/entitlementsx0UjZe
2018-03-06 18:54:58 +0000 [MT] Running /usr/bin/codesign '-vvv' '--force' '--sign' 'D0AF524183625F06F0B8238136E6044EE4A109EE' '--preserve-metadata=identifier,flags' '--entitlements' '/var/folders/4_/1zfb0j5103x10yvswnr6z3540000gn/T/XcodeDistPipeline.rQx/entitlementsx0UjZe' '/var/folders/4_/1zfb0j5103x10yvswnr6z3540000gn/T/XcodeDistPipeline.rQx/Root/Payload/otg-delivery-mobile.app/Frameworks/libswiftQuartzCore.dylib'
2018-03-06 18:54:58 +0000  /var/folders/4_/1zfb0j5103x10yvswnr6z3540000gn/T/XcodeDistPipeline.rQx/Root/Payload/otg-delivery-mobile.app/Frameworks/libswiftQuartzCore.dylib: signed Mach-O universal (armv7 armv7s arm64) [com.apple.dt.runtime.swiftQuartzCore]
2018-03-06 18:54:58 +0000 [MT] /usr/bin/codesign exited with 0
2018-03-06 18:54:58 +0000 [MT] Applying entitlements delta for <IDEDistributionItem: 0x7fdc765d57e0 'com.apple.dt.runtime.swiftUIKit' '<DVTFilePath:0x7fdc79283660:'/Users/sam/Desktop/DTR/otg-delivery-mobile-project/otg-delivery-mobile.xcarchive/Products/Applications/otg-delivery-mobile.app/Frameworks/libswiftUIKit.dylib'>'> from <IDEiCloudEntitlementsProcessor: 0x7fdc79327880>: {
}
2018-03-06 18:54:58 +0000 [MT] Entitlements for <IDEDistributionItem: 0x7fdc765d57e0 'com.apple.dt.runtime.swiftUIKit' '<DVTFilePath:0x7fdc79283660:'/Users/sam/Desktop/DTR/otg-delivery-mobile-project/otg-delivery-mobile.xcarchive/Products/Applications/otg-delivery-mobile.app/Frameworks/libswiftUIKit.dylib'>'>: {
}
2018-03-06 18:54:58 +0000 [MT] Writing entitlements for <IDEDistributionItem: 0x7fdc765d57e0 'com.apple.dt.runtime.swiftUIKit' '<DVTFilePath:0x7fdc79283660:'/Users/sam/Desktop/DTR/otg-delivery-mobile-project/otg-delivery-mobile.xcarchive/Products/Applications/otg-delivery-mobile.app/Frameworks/libswiftUIKit.dylib'>'> to: /var/folders/4_/1zfb0j5103x10yvswnr6z3540000gn/T/XcodeDistPipeline.rQx/entitlementsdUSakF
2018-03-06 18:54:58 +0000 [MT] Running /usr/bin/codesign '-vvv' '--force' '--sign' 'D0AF524183625F06F0B8238136E6044EE4A109EE' '--preserve-metadata=identifier,flags' '--entitlements' '/var/folders/4_/1zfb0j5103x10yvswnr6z3540000gn/T/XcodeDistPipeline.rQx/entitlementsdUSakF' '/var/folders/4_/1zfb0j5103x10yvswnr6z3540000gn/T/XcodeDistPipeline.rQx/Root/Payload/otg-delivery-mobile.app/Frameworks/libswiftUIKit.dylib'
2018-03-06 18:54:58 +0000  /var/folders/4_/1zfb0j5103x10yvswnr6z3540000gn/T/XcodeDistPipeline.rQx/Root/Payload/otg-delivery-mobile.app/Frameworks/libswiftUIKit.dylib: signed Mach-O universal (armv7 armv7s arm64) [com.apple.dt.runtime.swiftUIKit]
2018-03-06 18:54:58 +0000 [MT] /usr/bin/codesign exited with 0
2018-03-06 18:54:58 +0000 [MT] Applying entitlements delta for <IDEDistributionItem: 0x7fdc7928eef0 'com.apple.dt.runtime.swiftos' '<DVTFilePath:0x7fdc79266d40:'/Users/sam/Desktop/DTR/otg-delivery-mobile-project/otg-delivery-mobile.xcarchive/Products/Applications/otg-delivery-mobile.app/Frameworks/libswiftos.dylib'>'> from <IDEiCloudEntitlementsProcessor: 0x7fdc7931df10>: {
}
2018-03-06 18:54:58 +0000 [MT] Entitlements for <IDEDistributionItem: 0x7fdc7928eef0 'com.apple.dt.runtime.swiftos' '<DVTFilePath:0x7fdc79266d40:'/Users/sam/Desktop/DTR/otg-delivery-mobile-project/otg-delivery-mobile.xcarchive/Products/Applications/otg-delivery-mobile.app/Frameworks/libswiftos.dylib'>'>: {
}
2018-03-06 18:54:58 +0000 [MT] Writing entitlements for <IDEDistributionItem: 0x7fdc7928eef0 'com.apple.dt.runtime.swiftos' '<DVTFilePath:0x7fdc79266d40:'/Users/sam/Desktop/DTR/otg-delivery-mobile-project/otg-delivery-mobile.xcarchive/Products/Applications/otg-delivery-mobile.app/Frameworks/libswiftos.dylib'>'> to: /var/folders/4_/1zfb0j5103x10yvswnr6z3540000gn/T/XcodeDistPipeline.rQx/entitlementsu3Un4U
2018-03-06 18:54:58 +0000 [MT] Running /usr/bin/codesign '-vvv' '--force' '--sign' 'D0AF524183625F06F0B8238136E6044EE4A109EE' '--preserve-metadata=identifier,flags' '--entitlements' '/var/folders/4_/1zfb0j5103x10yvswnr6z3540000gn/T/XcodeDistPipeline.rQx/entitlementsu3Un4U' '/var/folders/4_/1zfb0j5103x10yvswnr6z3540000gn/T/XcodeDistPipeline.rQx/Root/Payload/otg-delivery-mobile.app/Frameworks/libswiftos.dylib'
2018-03-06 18:54:58 +0000  /var/folders/4_/1zfb0j5103x10yvswnr6z3540000gn/T/XcodeDistPipeline.rQx/Root/Payload/otg-delivery-mobile.app/Frameworks/libswiftos.dylib: signed Mach-O universal (armv7 armv7s arm64) [com.apple.dt.runtime.swiftos]
2018-03-06 18:54:58 +0000 [MT] /usr/bin/codesign exited with 0
2018-03-06 18:54:58 +0000 [MT] Applying entitlements delta for <IDEDistributionItem: 0x7fdc7906e570 'edu.northwestern.delta.J' '<DVTFilePath:0x7fdc79175f50:'/Users/sam/Desktop/DTR/otg-delivery-mobile-project/otg-delivery-mobile.xcarchive/Products/Applications/otg-delivery-mobile.app'>'> from <IDEiCloudEntitlementsProcessor: 0x7fdc79328740>: {
}
2018-03-06 18:54:58 +0000 [MT] Entitlements for <IDEDistributionItem: 0x7fdc7906e570 'edu.northwestern.delta.J' '<DVTFilePath:0x7fdc79175f50:'/Users/sam/Desktop/DTR/otg-delivery-mobile-project/otg-delivery-mobile.xcarchive/Products/Applications/otg-delivery-mobile.app'>'>: {
    "application-identifier" = "823S57WQK3.edu.northwestern.delta.J";
    "com.apple.developer.team-identifier" = 823S57WQK3;
    "get-task-allow" = 0;
    "keychain-access-groups" =     (
        "823S57WQK3.edu.northwestern.delta.J"
    );
}
2018-03-06 18:54:58 +0000 [MT] Writing entitlements for <IDEDistributionItem: 0x7fdc7906e570 'edu.northwestern.delta.J' '<DVTFilePath:0x7fdc79175f50:'/Users/sam/Desktop/DTR/otg-delivery-mobile-project/otg-delivery-mobile.xcarchive/Products/Applications/otg-delivery-mobile.app'>'> to: /var/folders/4_/1zfb0j5103x10yvswnr6z3540000gn/T/XcodeDistPipeline.rQx/entitlementsufxnMc
2018-03-06 18:54:58 +0000 [MT] Running /usr/bin/codesign '-vvv' '--force' '--sign' 'D0AF524183625F06F0B8238136E6044EE4A109EE' '--preserve-metadata=identifier,flags' '--entitlements' '/var/folders/4_/1zfb0j5103x10yvswnr6z3540000gn/T/XcodeDistPipeline.rQx/entitlementsufxnMc' '/var/folders/4_/1zfb0j5103x10yvswnr6z3540000gn/T/XcodeDistPipeline.rQx/Root/Payload/otg-delivery-mobile.app'
2018-03-06 18:54:59 +0000  /var/folders/4_/1zfb0j5103x10yvswnr6z3540000gn/T/XcodeDistPipeline.rQx/Root/Payload/otg-delivery-mobile.app: signed app bundle with Mach-O thin (arm64) [edu.northwestern.delta.J]
2018-03-06 18:54:59 +0000 [MT] /usr/bin/codesign exited with 0
2018-03-06 18:54:59 +0000 [MT] Processing step: IDEDistributionStreamingZipItemStep
2018-03-06 18:54:59 +0000 [MT] Skipping step: IDEDistributionStreamingZipItemStep because it said so
2018-03-06 18:54:59 +0000 [MT] Skipping step: IDEDistributionStreamingZipItemStep because it said so
2018-03-06 18:54:59 +0000 [MT] Skipping step: IDEDistributionStreamingZipItemStep because it said so
2018-03-06 18:54:59 +0000 [MT] Skipping step: IDEDistributionStreamingZipItemStep because it said so
2018-03-06 18:54:59 +0000 [MT] Skipping step: IDEDistributionStreamingZipItemStep because it said so
2018-03-06 18:54:59 +0000 [MT] Skipping step: IDEDistributionStreamingZipItemStep because it said so
2018-03-06 18:54:59 +0000 [MT] Skipping step: IDEDistributionStreamingZipItemStep because it said so
2018-03-06 18:54:59 +0000 [MT] Skipping step: IDEDistributionStreamingZipItemStep because it said so
2018-03-06 18:54:59 +0000 [MT] Skipping step: IDEDistributionStreamingZipItemStep because it said so
2018-03-06 18:54:59 +0000 [MT] Skipping step: IDEDistributionStreamingZipItemStep because it said so
2018-03-06 18:54:59 +0000 [MT] Skipping step: IDEDistributionStreamingZipItemStep because it said so
2018-03-06 18:54:59 +0000 [MT] Skipping step: IDEDistributionStreamingZipItemStep because it said so
2018-03-06 18:54:59 +0000 [MT] Skipping step: IDEDistributionStreamingZipItemStep because it said so
2018-03-06 18:54:59 +0000 [MT] Skipping step: IDEDistributionStreamingZipItemStep because it said so
2018-03-06 18:54:59 +0000 [MT] Processing step: IDEDistributionCreateIPAStep
2018-03-06 18:54:59 +0000 [MT] Running /usr/bin/ditto '-V' '-c' '-k' '--norsrc' '/var/folders/4_/1zfb0j5103x10yvswnr6z3540000gn/T/XcodeDistPipeline.rQx/Root' '/var/folders/4_/1zfb0j5103x10yvswnr6z3540000gn/T/XcodeDistPipeline.rQx/Packages/another_example.ipa'
2018-03-06 18:54:59 +0000  >>> Copying /var/folders/4_/1zfb0j5103x10yvswnr6z3540000gn/T/XcodeDistPipeline.rQx/Root 
2018-03-06 18:54:59 +0000  copying file ./Payload/otg-delivery-mobile.app/_CodeSignature/CodeResources ... 
2018-03-06 18:54:59 +0000  12607 bytes for ./Payload/otg-delivery-mobile.app/_CodeSignature/CodeResources
2018-03-06 18:54:59 +0000  copying file ./Payload/otg-delivery-mobile.app/AppIcon60x60@2x.png ... 
2018-03-06 18:54:59 +0000  7405 bytes for ./Payload/otg-delivery-mobile.app/AppIcon60x60@2x.png
copying file ./Payload/otg-delivery-mobile.app/AppIcon76x76@2x~ipad.png ... 
2018-03-06 18:54:59 +0000  9717 bytes for ./Payload/otg-delivery-mobile.app/AppIcon76x76@2x~ipad.png
copying file ./Payload/otg-delivery-mobile.app/archived-expanded-entitlements.xcent ... 
2018-03-06 18:54:59 +0000  386 bytes for ./Payload/otg-delivery-mobile.app/archived-expanded-entitlements.xcent
copying file ./Payload/otg-delivery-mobile.app/Assets.car ... 
2018-03-06 18:54:59 +0000  100584 bytes for ./Payload/otg-delivery-mobile.app/Assets.car
2018-03-06 18:54:59 +0000  copying file ./Payload/otg-delivery-mobile.app/Base.lproj/LaunchScreen.storyboardc/01J-lp-oVM-view-Ze5-6b-2t3.nib ... 
1136 bytes for ./Payload/otg-delivery-mobile.app/Base.lproj/LaunchScreen.storyboardc/01J-lp-oVM-view-Ze5-6b-2t3.nib
2018-03-06 18:54:59 +0000  copying file ./Payload/otg-delivery-mobile.app/Base.lproj/LaunchScreen.storyboardc/Info.plist ... 
258 bytes for ./Payload/otg-delivery-mobile.app/Base.lproj/LaunchScreen.storyboardc/Info.plist
copying file ./Payload/otg-delivery-mobile.app/Base.lproj/LaunchScreen.storyboardc/UIViewController-01J-lp-oVM.nib ... 
2018-03-06 18:54:59 +0000  832 bytes for ./Payload/otg-delivery-mobile.app/Base.lproj/LaunchScreen.storyboardc/UIViewController-01J-lp-oVM.nib
copying file ./Payload/otg-delivery-mobile.app/Base.lproj/Main.storyboardc/BYZ-38-t0r-view-8bC-Xf-vdC.nib ... 
2018-03-06 18:54:59 +0000  3158 bytes for ./Payload/otg-delivery-mobile.app/Base.lproj/Main.storyboardc/BYZ-38-t0r-view-8bC-Xf-vdC.nib
copying file ./Payload/otg-delivery-mobile.app/Base.lproj/Main.storyboardc/gvk-PD-4GN-view-CjR-9S-k9S.nib ... 
2018-03-06 18:54:59 +0000  5028 bytes for ./Payload/otg-delivery-mobile.app/Base.lproj/Main.storyboardc/gvk-PD-4GN-view-CjR-9S-k9S.nib
2018-03-06 18:54:59 +0000  copying file ./Payload/otg-delivery-mobile.app/Base.lproj/Main.storyboardc/Info.plist ... 
399 bytes for ./Payload/otg-delivery-mobile.app/Base.lproj/Main.storyboardc/Info.plist
copying file ./Payload/otg-delivery-mobile.app/Base.lproj/Main.storyboardc/UIViewController-BYZ-38-t0r.nib ... 
2018-03-06 18:54:59 +0000  1213 bytes for ./Payload/otg-delivery-mobile.app/Base.lproj/Main.storyboardc/UIViewController-BYZ-38-t0r.nib
copying file ./Payload/otg-delivery-mobile.app/Base.lproj/Main.storyboardc/UIViewController-gvk-PD-4GN.nib ... 
2018-03-06 18:54:59 +0000  1349 bytes for ./Payload/otg-delivery-mobile.app/Base.lproj/Main.storyboardc/UIViewController-gvk-PD-4GN.nib
copying file ./Payload/otg-delivery-mobile.app/Base.lproj/Main.storyboardc/UIViewController-Xv5-sw-fZT.nib ... 
2018-03-06 18:54:59 +0000  1001 bytes for ./Payload/otg-delivery-mobile.app/Base.lproj/Main.storyboardc/UIViewController-Xv5-sw-fZT.nib
copying file ./Payload/otg-delivery-mobile.app/Base.lproj/Main.storyboardc/Xv5-sw-fZT-view-25Z-p4-98G.nib ... 
2018-03-06 18:54:59 +0000  5069 bytes for ./Payload/otg-delivery-mobile.app/Base.lproj/Main.storyboardc/Xv5-sw-fZT-view-25Z-p4-98G.nib
2018-03-06 18:54:59 +0000  copying file ./Payload/otg-delivery-mobile.app/coffee-icon.png ... 
2018-03-06 18:54:59 +0000  19673 bytes for ./Payload/otg-delivery-mobile.app/coffee-icon.png
2018-03-06 18:54:59 +0000  copying file ./Payload/otg-delivery-mobile.app/Delta_Enterprise_Export.sh ... 
470 bytes for ./Payload/otg-delivery-mobile.app/Delta_Enterprise_Export.sh
copying file ./Payload/otg-delivery-mobile.app/embedded.mobileprovision ... 
2018-03-06 18:54:59 +0000  8109 bytes for ./Payload/otg-delivery-mobile.app/embedded.mobileprovision
2018-03-06 18:54:59 +0000  copying file ./Payload/otg-delivery-mobile.app/Frameworks/libswiftCore.dylib ... 
2018-03-06 18:55:00 +0000  21079952 bytes for ./Payload/otg-delivery-mobile.app/Frameworks/libswiftCore.dylib
copying file ./Payload/otg-delivery-mobile.app/Frameworks/libswiftCoreFoundation.dylib ... 
2018-03-06 18:55:00 +0000  208656 bytes for ./Payload/otg-delivery-mobile.app/Frameworks/libswiftCoreFoundation.dylib
2018-03-06 18:55:00 +0000  copying file ./Payload/otg-delivery-mobile.app/Frameworks/libswiftCoreGraphics.dylib ... 
2018-03-06 18:55:00 +0000  578112 bytes for ./Payload/otg-delivery-mobile.app/Frameworks/libswiftCoreGraphics.dylib
copying file ./Payload/otg-delivery-mobile.app/Frameworks/libswiftCoreImage.dylib ... 
2018-03-06 18:55:00 +0000  209216 bytes for ./Payload/otg-delivery-mobile.app/Frameworks/libswiftCoreImage.dylib
copying file ./Payload/otg-delivery-mobile.app/Frameworks/libswiftCoreLocation.dylib ... 
2018-03-06 18:55:00 +0000  253648 bytes for ./Payload/otg-delivery-mobile.app/Frameworks/libswiftCoreLocation.dylib
copying file ./Payload/otg-delivery-mobile.app/Frameworks/libswiftDarwin.dylib ... 
2018-03-06 18:55:00 +0000  303424 bytes for ./Payload/otg-delivery-mobile.app/Frameworks/libswiftDarwin.dylib
copying file ./Payload/otg-delivery-mobile.app/Frameworks/libswiftDispatch.dylib ... 
2018-03-06 18:55:00 +0000  1009600 bytes for ./Payload/otg-delivery-mobile.app/Frameworks/libswiftDispatch.dylib
copying file ./Payload/otg-delivery-mobile.app/Frameworks/libswiftFoundation.dylib ... 
2018-03-06 18:55:00 +0000  8413648 bytes for ./Payload/otg-delivery-mobile.app/Frameworks/libswiftFoundation.dylib
copying file ./Payload/otg-delivery-mobile.app/Frameworks/libswiftMetal.dylib ... 
2018-03-06 18:55:00 +0000  251600 bytes for ./Payload/otg-delivery-mobile.app/Frameworks/libswiftMetal.dylib
copying file ./Payload/otg-delivery-mobile.app/Frameworks/libswiftObjectiveC.dylib ... 
2018-03-06 18:55:00 +0000  259296 bytes for ./Payload/otg-delivery-mobile.app/Frameworks/libswiftObjectiveC.dylib
copying file ./Payload/otg-delivery-mobile.app/Frameworks/libswiftos.dylib ... 
2018-03-06 18:55:00 +0000  249264 bytes for ./Payload/otg-delivery-mobile.app/Frameworks/libswiftos.dylib
copying file ./Payload/otg-delivery-mobile.app/Frameworks/libswiftQuartzCore.dylib ... 
2018-03-06 18:55:00 +0000  212560 bytes for ./Payload/otg-delivery-mobile.app/Frameworks/libswiftQuartzCore.dylib
copying file ./Payload/otg-delivery-mobile.app/Frameworks/libswiftUIKit.dylib ... 
2018-03-06 18:55:00 +0000  361840 bytes for ./Payload/otg-delivery-mobile.app/Frameworks/libswiftUIKit.dylib
2018-03-06 18:55:00 +0000  copying file ./Payload/otg-delivery-mobile.app/Info.plist ... 
2018-03-06 18:55:00 +0000  1748 bytes for ./Payload/otg-delivery-mobile.app/Info.plist
copying file ./Payload/otg-delivery-mobile.app/otg-delivery-mobile ... 
2018-03-06 18:55:00 +0000  146944 bytes for ./Payload/otg-delivery-mobile.app/otg-delivery-mobile
copying file ./Payload/otg-delivery-mobile.app/PkgInfo ... 
2018-03-06 18:55:00 +0000  8 bytes for ./Payload/otg-delivery-mobile.app/PkgInfo
copying file ./Payload/otg-delivery-mobile.app/route1.gpx ... 
603 bytes for ./Payload/otg-delivery-mobile.app/route1.gpx
2018-03-06 18:55:00 +0000 [MT] /usr/bin/ditto exited with 0
2018-03-06 18:55:00 +0000 [MT] Processing step: IDEDistributionCreateManifestStep
